<?xml version="1.0" encoding="UTF-8"?>
<testng-results skipped="0" failed="0" ignored="0" total="4" passed="4">
  <reporter-output>
  </reporter-output>
  <suite name="Regression Test Suite" duration-ms="26188" started-at="2019-03-21T21:19:33Z" finished-at="2019-03-21T21:19:59Z">
    <groups>
    </groups>
    <test name="Login Validation Test" duration-ms="26188" started-at="2019-03-21T21:19:33Z" finished-at="2019-03-21T21:19:59Z">
      <class name="testcases.reg_testcase1">
        <test-method status="PASS" signature="setUp()[pri:0, instance:testcases.reg_testcase1@6cd8737]" name="setUp" is-config="true" duration-ms="6730" started-at="2019-03-21T17:19:33Z" finished-at="2019-03-21T17:19:39Z">
          <reporter-output>
          </reporter-output>
        </test-method> <!-- setUp -->
        <test-method status="PASS" signature="setUp()[pri:0, instance:testcases.reg_testcase2@22f71333]" name="setUp" is-config="true" duration-ms="3111" started-at="2019-03-21T17:19:39Z" finished-at="2019-03-21T17:19:42Z">
          <reporter-output>
          </reporter-output>
        </test-method> <!-- setUp -->
        <test-method status="PASS" signature="validateHomePageTitle()[pri:1, instance:testcases.reg_testcase1@6cd8737]" name="validateHomePageTitle" duration-ms="2061" started-at="2019-03-21T17:19:42Z" finished-at="2019-03-21T17:19:44Z">
          <reporter-output>
          </reporter-output>
        </test-method> <!-- validateHomePageTitle -->
        <test-method status="PASS" signature="login()[pri:2, instance:testcases.reg_testcase1@6cd8737]" name="login" duration-ms="7244" started-at="2019-03-21T17:19:46Z" finished-at="2019-03-21T17:19:54Z">
          <reporter-output>
          </reporter-output>
        </test-method> <!-- login -->
        <test-method status="PASS" signature="tearDown()[pri:0, instance:testcases.reg_testcase1@6cd8737]" name="tearDown" is-config="true" duration-ms="1343" started-at="2019-03-21T17:19:56Z" finished-at="2019-03-21T17:19:58Z">
          <reporter-output>
          </reporter-output>
        </test-method> <!-- tearDown -->
        <test-method status="PASS" signature="tearDown()[pri:0, instance:testcases.reg_testcase2@22f71333]" name="tearDown" is-config="true" duration-ms="1076" started-at="2019-03-21T17:19:58Z" finished-at="2019-03-21T17:19:59Z">
          <reporter-output>
          </reporter-output>
        </test-method> <!-- tearDown -->
      </class> <!-- testcases.reg_testcase1 -->
      <class name="testcases.reg_testcase2">
        <test-method status="PASS" signature="validateHomePageTitle()[pri:1, instance:testcases.reg_testcase2@22f71333]" name="validateHomePageTitle" duration-ms="1914" started-at="2019-03-21T17:19:44Z" finished-at="2019-03-21T17:19:46Z">
          <reporter-output>
          </reporter-output>
        </test-method> <!-- validateHomePageTitle -->
        <test-method status="PASS" signature="login()[pri:2, instance:testcases.reg_testcase2@22f71333]" name="login" duration-ms="2665" started-at="2019-03-21T17:19:54Z" finished-at="2019-03-21T17:19:56Z">
          <reporter-output>
          </reporter-output>
        </test-method> <!-- login -->
      </class> <!-- testcases.reg_testcase2 -->
    </test> <!-- Login Validation Test -->
  </suite> <!-- Regression Test Suite -->
</testng-results>
